[32m2025-07-31 16:21:18 -0500[0m - dagster - [34mDEBUG[0m - __ASSET_JOB - 6de557dd-51ed-474c-96dd-e9ef3ade1f15 - 89118 - LOGS_CAPTURED - Started capturing logs in process (pid: 89118).
[32m2025-07-31 16:21:18 -0500[0m - dagster - [34mDEBUG[0m - __ASSET_JOB - 6de557dd-51ed-474c-96dd-e9ef3ade1f15 - 89118 - taxi_trips_file - STEP_START - Started execution of step "taxi_trips_file".
[32m2025-07-31 16:21:27 -0500[0m - dagster - [34mERROR[0m - [31m__ASSET_JOB - 6de557dd-51ed-474c-96dd-e9ef3ade1f15 - 89118 - taxi_trips_file - STEP_FAILURE - Execution of step "taxi_trips_file" failed.

dagster._core.errors.DagsterExecutionStepExecutionError: Error occurred while executing op "taxi_trips_file"::

NameError: name 'constants' is not defined

Stack Trace:
  File "/home/alex/Documents/projects/dagster-university/dagster-pipeline/.venv/lib64/python3.12/site-packages/dagster/_core/execution/plan/utils.py", line 57, in op_execution_error_boundary
    yield
  File "/home/alex/Documents/projects/dagster-university/dagster-pipeline/.venv/lib64/python3.12/site-packages/dagster/_utils/__init__.py", line 392, in iterate_with_context
    next_output = next(iterator)
                  ^^^^^^^^^^^^^^
  File "/home/alex/Documents/projects/dagster-university/dagster-pipeline/.venv/lib64/python3.12/site-packages/dagster/_core/execution/plan/compute_generator.py", line 137, in _coerce_op_compute_fn_to_iterator
    result = invoke_compute_fn(
             ^^^^^^^^^^^^^^^^^^
  File "/home/alex/Documents/projects/dagster-university/dagster-pipeline/.venv/lib64/python3.12/site-packages/dagster/_core/execution/plan/compute_generator.py", line 117, in invoke_compute_fn
    return fn(context, **args_to_pass) if context_arg_provided else fn(**args_to_pass)
                                                                    ^^^^^^^^^^^^^^^^^^
  File "/home/alex/Documents/projects/dagster-university/dagster-pipeline/src/dagster_essentials/defs/assets/trips.py", line 18, in taxi_trips_file
    constants.TAXI_TRIPS_TEMPLATE_FILE_PATH.format(month_to_fetch), "wb"
    ^^^^^^^^^
[0m
